{"C:\\Users\\Ismaylla\\OneDrive\\Documentos\\DesenvolvomentoWeb\\Projetos\\Sistema-de-gestao-agropecuaria\\apps\\backend\\src\\tool\\tool.service.ts": {"path":"C:\\Users\\Ismaylla\\OneDrive\\Documentos\\DesenvolvomentoWeb\\Projetos\\Sistema-de-gestao-agropecuaria\\apps\\backend\\src\\tool\\tool.service.ts","statementMap":{"0":{"start":{"line":1,"column":0},"end":{"line":1,"column":71}},"1":{"start":{"line":2,"column":0},"end":{"line":2,"column":null}},"2":{"start":{"line":12,"column":7},"end":{"line":61,"column":null}},"3":{"start":{"line":15,"column":21},"end":{"line":15,"column":52}},"4":{"start":{"line":19,"column":17},"end":{"line":19,"column":54}},"5":{"start":{"line":20,"column":4},"end":{"line":24,"column":5}},"6":{"start":{"line":21,"column":6},"end":{"line":23,"column":8}},"7":{"start":{"line":25,"column":4},"end":{"line":25,"column":16}},"8":{"start":{"line":29,"column":4},"end":{"line":29,"column":41}},"9":{"start":{"line":33,"column":4},"end":{"line":33,"column":53}},"10":{"start":{"line":37,"column":17},"end":{"line":37,"column":59}},"11":{"start":{"line":38,"column":4},"end":{"line":40,"column":5}},"12":{"start":{"line":39,"column":6},"end":{"line":39,"column":80}},"13":{"start":{"line":41,"column":4},"end":{"line":41,"column":16}},"14":{"start":{"line":45,"column":17},"end":{"line":45,"column":54}},"15":{"start":{"line":46,"column":4},"end":{"line":50,"column":5}},"16":{"start":{"line":47,"column":6},"end":{"line":49,"column":8}},"17":{"start":{"line":51,"column":4},"end":{"line":51,"column":41}},"18":{"start":{"line":55,"column":4},"end":{"line":55,"column":52}},"19":{"start":{"line":59,"column":4},"end":{"line":59,"column":56}},"20":{"start":{"line":12,"column":13},"end":{"line":12,"column":24}},"21":{"start":{"line":12,"column":13},"end":{"line":61,"column":null}}},"fnMap":{"0":{"name":"(anonymous_4)","decl":{"start":{"line":13,"column":2},"end":{"line":13,"column":null}},"loc":{"start":{"line":15,"column":52},"end":{"line":16,"column":6}}},"1":{"name":"(anonymous_5)","decl":{"start":{"line":18,"column":2},"end":{"line":18,"column":7}},"loc":{"start":{"line":18,"column":26},"end":{"line":26,"column":3}}},"2":{"name":"(anonymous_6)","decl":{"start":{"line":28,"column":2},"end":{"line":28,"column":7}},"loc":{"start":{"line":28,"column":15},"end":{"line":30,"column":3}}},"3":{"name":"(anonymous_7)","decl":{"start":{"line":32,"column":2},"end":{"line":32,"column":7}},"loc":{"start":{"line":32,"column":43},"end":{"line":34,"column":3}}},"4":{"name":"(anonymous_8)","decl":{"start":{"line":36,"column":2},"end":{"line":36,"column":7}},"loc":{"start":{"line":36,"column":46},"end":{"line":42,"column":3}}},"5":{"name":"(anonymous_9)","decl":{"start":{"line":44,"column":2},"end":{"line":44,"column":7}},"loc":{"start":{"line":44,"column":25},"end":{"line":52,"column":3}}},"6":{"name":"(anonymous_10)","decl":{"start":{"line":54,"column":2},"end":{"line":54,"column":7}},"loc":{"start":{"line":54,"column":40},"end":{"line":56,"column":3}}},"7":{"name":"(anonymous_11)","decl":{"start":{"line":58,"column":2},"end":{"line":58,"column":7}},"loc":{"start":{"line":58,"column":42},"end":{"line":60,"column":3}}}},"branchMap":{"0":{"loc":{"start":{"line":20,"column":4},"end":{"line":24,"column":5}},"type":"if","locations":[{"start":{"line":20,"column":4},"end":{"line":24,"column":5}}]},"1":{"loc":{"start":{"line":38,"column":4},"end":{"line":40,"column":5}},"type":"if","locations":[{"start":{"line":38,"column":4},"end":{"line":40,"column":5}}]},"2":{"loc":{"start":{"line":46,"column":4},"end":{"line":50,"column":5}},"type":"if","locations":[{"start":{"line":46,"column":4},"end":{"line":50,"column":5}}]}},"s":{"0":1,"1":1,"2":1,"3":11,"4":2,"5":2,"6":1,"7":1,"8":1,"9":1,"10":2,"11":2,"12":1,"13":1,"14":2,"15":2,"16":1,"17":1,"18":1,"19":1,"20":1,"21":1},"f":{"0":11,"1":2,"2":1,"3":1,"4":2,"5":2,"6":1,"7":1},"b":{"0":[1],"1":[1],"2":[1]}}
,"C:\\Users\\Ismaylla\\OneDrive\\Documentos\\DesenvolvomentoWeb\\Projetos\\Sistema-de-gestao-agropecuaria\\apps\\backend\\src\\tool\\repositories\\tool.repository.interface.ts": {"path":"C:\\Users\\Ismaylla\\OneDrive\\Documentos\\DesenvolvomentoWeb\\Projetos\\Sistema-de-gestao-agropecuaria\\apps\\backend\\src\\tool\\repositories\\tool.repository.interface.ts","statementMap":{"0":{"start":{"line":7,"column":13},"end":{"line":7,"column":49}}},"fnMap":{},"branchMap":{},"s":{"0":1},"f":{},"b":{}}
}
