TN:
SF:src\tool\tool.service.ts
FN:13,(anonymous_4)
FN:18,(anonymous_5)
FN:28,(anonymous_6)
FN:32,(anonymous_7)
FN:36,(anonymous_8)
FN:44,(anonymous_9)
FN:54,(anonymous_10)
FN:58,(anonymous_11)
FNF:8
FNH:8
FNDA:11,(anonymous_4)
FNDA:2,(anonymous_5)
FNDA:1,(anonymous_6)
FNDA:1,(anonymous_7)
FNDA:2,(anonymous_8)
FNDA:2,(anonymous_9)
FNDA:1,(anonymous_10)
FNDA:1,(anonymous_11)
DA:1,1
DA:2,1
DA:12,1
DA:15,11
DA:19,2
DA:20,2
DA:21,1
DA:25,1
DA:29,1
DA:33,1
DA:37,2
DA:38,2
DA:39,1
DA:41,1
DA:45,2
DA:46,2
DA:47,1
DA:51,1
DA:55,1
DA:59,1
LF:20
LH:20
BRDA:20,0,0,1
BRDA:38,1,0,1
BRDA:46,2,0,1
BRF:3
BRH:3
end_of_record
TN:
SF:src\tool\repositories\tool.repository.interface.ts
FNF:0
FNH:0
DA:7,1
LF:1
LH:1
BRF:0
BRH:0
end_of_record
